<?xml version="1.0" encoding="utf-8" standalone="no"?>
<!--This file represents the results of running a test suite-->
<test-results name="C:\Users\Kudos\Desktop\fluent-build\compile\FluentBuild.dll" total="16" failures="0" not-run="0" date="2009-04-08" time="19:34:11">
  <environment nunit-version="2.4.3.0" clr-version="2.0.50727.3053" os-version="Microsoft Windows NT 6.0.6001 Service Pack 1" platform="Win32NT" cwd="C:\Users\Kudos\Desktop\fluent-build" machine-name="KUDOS-PC" user="Kudos" user-domain="Kudos-PC" />
  <culture-info current-culture="en-CA" current-uiculture="en-US" />
  <test-suite name="C:\Users\Kudos\Desktop\fluent-build\compile\FluentBuild.dll" success="True" time="0.733" asserts="0">
    <results>
      <test-suite name="FluentBuild" success="True" time="0.726" asserts="0">
        <results>
          <test-suite name="Tests" success="True" time="0.725" asserts="0">
            <results>
              <test-suite name="AssemblyInfoTests" success="True" time="0.035" asserts="0">
                <results>
                  <test-case name="FluentBuild.Tests.AssemblyInfoTests.Build_ShouldCreateAssemblyInfoFile" executed="True" success="True" time="0.017" asserts="0" />
                </results>
              </test-suite>
              <test-suite name="CombineExtenstionMethodTests" success="True" time="0.018" asserts="0">
                <results>
                  <test-case name="FluentBuild.Tests.CombineExtenstionMethodTests.ShouldAddRecursor" executed="True" success="True" time="0.012" asserts="1" />
                  <test-case name="FluentBuild.Tests.CombineExtenstionMethodTests.ShouldAddRecursor_Without_Using_Explicit_Extension" executed="True" success="True" time="0.001" asserts="1" />
                  <test-case name="FluentBuild.Tests.CombineExtenstionMethodTests.ShouldAddRecursorWithNoDoubleSlash" executed="True" success="True" time="0.001" asserts="1" />
                  <test-case name="FluentBuild.Tests.CombineExtenstionMethodTests.ShouldCombinePaths" executed="True" success="True" time="0.001" asserts="1" />
                  <test-case name="FluentBuild.Tests.CombineExtenstionMethodTests.ShouldCombinePathsWithWildcardFilename" executed="True" success="True" time="0.001" asserts="1" />
                </results>
              </test-suite>
              <test-suite name="FileSetTests" success="True" time="0.365" asserts="0">
                <results>
                  <test-case name="FluentBuild.Tests.FileSetTests.AddAllCsFiles" executed="True" success="True" time="0.336" asserts="2" />
                  <test-case name="FluentBuild.Tests.FileSetTests.AddAllCsFilesAndExcludeGenericFileName" executed="True" success="True" time="0.021" asserts="0" />
                  <test-case name="FluentBuild.Tests.FileSetTests.AddAllCsFilesAndExcludeSpecificFileName" executed="True" success="True" time="0.002" asserts="1" />
                  <test-case name="FluentBuild.Tests.FileSetTests.BuildFileSet" executed="True" success="True" time="0.003" asserts="2" />
                </results>
              </test-suite>
              <test-suite name="SearchPatternParserTests" success="True" time="0.220" asserts="0">
                <results>
                  <test-case name="FluentBuild.Tests.SearchPatternParserTests.GetAllFilesMatching_JustDirectory" executed="True" success="True" time="0.004" asserts="3" />
                  <test-case name="FluentBuild.Tests.SearchPatternParserTests.GetAllFilesMatching_Name_And_WildCard" executed="True" success="True" time="0.210" asserts="3" />
                  <test-case name="FluentBuild.Tests.SearchPatternParserTests.GetAllFilesMatching_Recursive_Name_And_WildCard" executed="True" success="True" time="0.001" asserts="3" />
                  <test-case name="FluentBuild.Tests.SearchPatternParserTests.GetAllFilesMatching_Recursive_Start_Dot_CS_Filter" executed="True" success="True" time="0.001" asserts="3" />
                  <test-case name="FluentBuild.Tests.SearchPatternParserTests.GetAllFilesMatching_Start_Dot_CS_Filter" executed="True" success="True" time="0.001" asserts="3" />
                  <test-case name="FluentBuild.Tests.SearchPatternParserTests.GetAllFilesMatching_Start_Dot_Start_Filter" executed="True" success="True" time="0.001" asserts="3" />
                </results>
              </test-suite>
            </results>
          </test-suite>
        </results>
      </test-suite>
    </results>
  </test-suite>
</test-results>