<?xml version="1.0" encoding="utf-8" standalone="no"?>
<!--This file represents the results of running a test suite-->
<test-results name="C:\Users\Kudos\Desktop\fluent-build\compile\BuildFileConverter.exe" total="18" errors="0" failures="0" not-run="1" inconclusive="0" ignored="1" skipped="0" invalid="0" date="2010-10-26" time="16:15:30">
  <environment nunit-version="2.5.7.10213" clr-version="2.0.50727.4952" os-version="Microsoft Windows NT 6.1.7600.0" platform="Win32NT" cwd="C:\Users\Kudos\Desktop\fluent-build" machine-name="KUDOS-LAPTOP" user="Kudos" user-domain="Kudos-Laptop" />
  <culture-info current-culture="en-US" current-uiculture="en-US" />
  <test-suite type="Assembly" name="C:\Users\Kudos\Desktop\fluent-build\compile\BuildFileConverter.exe" executed="True" result="Success" success="True" time="1.376" asserts="0">
    <results>
      <test-suite type="Namespace" name="FluentBuild" executed="True" result="Success" success="True" time="1.342" asserts="0">
        <results>
          <test-suite type="Namespace" name="BuildFileConverter" executed="True" result="Success" success="True" time="1.340" asserts="0">
            <results>
              <test-suite type="TestFixture" name="OutputGeneratorTests" executed="True" result="Success" success="True" time="0.130" asserts="0">
                <results>
                  <test-case name="FluentBuild.BuildFileConverter.OutputGeneratorTests.BuildPropertyShouldBuildCommentOnUnkownType" executed="True" result="Success" success="True" time="0.070" asserts="1" />
                  <test-case name="FluentBuild.BuildFileConverter.OutputGeneratorTests.BuildPropertyShouldBuildFileOnExistingVariable" executed="True" result="Success" success="True" time="0.004" asserts="1" />
                  <test-case name="FluentBuild.BuildFileConverter.OutputGeneratorTests.BuildPropertyShouldBuildSubFolderOnExistingVariable" executed="True" result="Success" success="True" time="0.001" asserts="1" />
                  <test-case name="FluentBuild.BuildFileConverter.OutputGeneratorTests.BuildPropertyShouldOutputNewBuildFolder" executed="True" result="Success" success="True" time="0.001" asserts="1" />
                  <test-case name="FluentBuild.BuildFileConverter.OutputGeneratorTests.BuildPropertyShouldRegisterVariableName" executed="True" result="Success" success="True" time="0.001" asserts="1" />
                  <test-case name="FluentBuild.BuildFileConverter.OutputGeneratorTests.ShouldDetermineThatThereIsAStringSubFolder" executed="True" result="Success" success="True" time="0.001" asserts="1" />
                  <test-case name="FluentBuild.BuildFileConverter.OutputGeneratorTests.ShouldGenerateSubFoldersForFile" executed="True" result="Success" success="True" time="0.000" asserts="1" />
                  <test-case name="FluentBuild.BuildFileConverter.OutputGeneratorTests.ShouldNotGenerateSubFolders" executed="True" result="Success" success="True" time="0.001" asserts="1" />
                </results>
              </test-suite>
              <test-suite type="Namespace" name="Parsing" executed="True" result="Success" success="True" time="1.133" asserts="0">
                <results>
                  <test-suite type="TestFixture" name="CscParserTests" executed="True" result="Inconclusive" success="False" time="0.000" asserts="0">
                    <results>
                      <test-case name="FluentBuild.BuildFileConverter.Parsing.CscParserTests.TestSomething" executed="False" result="Ignored">
                        <reason>
                          <message><![CDATA[method is not implemented yet]]></message>
                        </reason>
                      </test-case>
                    </results>
                  </test-suite>
                  <test-suite type="TestFixture" name="NantBuildFileParserTests" executed="True" result="Success" success="True" time="0.504" asserts="0">
                    <results>
                      <test-case name="FluentBuild.BuildFileConverter.Parsing.NantBuildFileParserTests.ShouldParseItems" executed="True" result="Success" success="True" time="0.503" asserts="7" />
                    </results>
                  </test-suite>
                  <test-suite type="TestFixture" name="TargetParserTests" executed="True" result="Success" success="True" time="0.615" asserts="0">
                    <results>
                      <test-case name="FluentBuild.BuildFileConverter.Parsing.TargetParserTests.ShouldParseTarget" executed="True" result="Success" success="True" time="0.585" asserts="2" />
                      <test-case name="FluentBuild.BuildFileConverter.Parsing.TargetParserTests.ShouldResolveParser" executed="True" result="Success" success="True" time="0.028" asserts="0" />
                    </results>
                  </test-suite>
                </results>
              </test-suite>
              <test-suite type="Namespace" name="Structure" executed="True" result="Success" success="True" time="0.015" asserts="0">
                <results>
                  <test-suite type="TestFixture" name="PropertyTests" executed="True" result="Success" success="True" time="0.013" asserts="0">
                    <results>
                      <test-case name="FluentBuild.BuildFileConverter.Structure.PropertyTests.ShouldDeterminePropertyIsADirectory" executed="True" result="Success" success="True" time="0.001" asserts="1" />
                      <test-case name="FluentBuild.BuildFileConverter.Structure.PropertyTests.ShouldDeterminePropertyIsAFile" executed="True" result="Success" success="True" time="0.001" asserts="1" />
                      <test-case name="FluentBuild.BuildFileConverter.Structure.PropertyTests.ShouldDeterminePropertyIsAFileWhenPartOfADirectory" executed="True" result="Success" success="True" time="0.001" asserts="1" />
                      <test-case name="FluentBuild.BuildFileConverter.Structure.PropertyTests.ShouldDeterminePropertyIsAFileWithShortExtension" executed="True" result="Success" success="True" time="0.001" asserts="1" />
                      <test-case name="FluentBuild.BuildFileConverter.Structure.PropertyTests.ShouldDeterminePropertyIsAFolderWhenParentFoldersHaveDots" executed="True" result="Success" success="True" time="0.001" asserts="1" />
                      <test-case name="FluentBuild.BuildFileConverter.Structure.PropertyTests.ShouldParseLongProperty" executed="True" result="Success" success="True" time="0.001" asserts="1" />
                      <test-case name="FluentBuild.BuildFileConverter.Structure.PropertyTests.ShouldRegisterDependancyOnOtherProperty" executed="True" result="Success" success="True" time="0.001" asserts="1" />
                    </results>
                  </test-suite>
                </results>
              </test-suite>
            </results>
          </test-suite>
        </results>
      </test-suite>
    </results>
  </test-suite>
</test-results>