<?xml version="1.0" encoding="utf-8" standalone="no"?>
<!--This file represents the results of running a test suite-->
<test-results name="tests\FluentBuild.Tests\bin\Debug\FluentBuild.Tests.dll" total="60" errors="0" failures="0" not-run="0" inconclusive="0" ignored="0" skipped="0" invalid="0" date="2012-06-25" time="08:20:47">
  <environment nunit-version="2.5.7.10213" clr-version="2.0.50727.5456" os-version="Microsoft Windows NT 6.1.7601 Service Pack 1" platform="Win32NT" cwd="C:\Projects\fluent-build" machine-name="KUDOS-LAPTOP" user="Kudos" user-domain="Kudos-Laptop" />
  <culture-info current-culture="en-US" current-uiculture="en-US" />
  <test-suite type="Assembly" name="tests\FluentBuild.Tests\bin\Debug\FluentBuild.Tests.dll" executed="True" result="Success" success="True" time="16.895" asserts="0">
    <results>
      <test-suite type="Namespace" name="FluentBuild" executed="True" result="Success" success="True" time="16.837" asserts="0">
        <results>
          <test-suite type="Namespace" name="Tests" executed="True" result="Success" success="True" time="16.836" asserts="0">
            <results>
              <test-suite type="TestFixture" name="AssemblyInfoTests" executed="True" result="Success" success="True" time="1.062" asserts="0">
                <results>
                  <test-case name="FluentBuild.Tests.AssemblyInfoTests.ShouldCompileAssemblyInfoToCSharp" executed="True" result="Success" success="True" time="0.611" asserts="13" />
                  <test-case name="FluentBuild.Tests.AssemblyInfoTests.ShouldCompileAssemblyInfoToVisualBasic" executed="True" result="Success" success="True" time="0.389" asserts="13" />
                  <test-case name="FluentBuild.Tests.AssemblyInfoTests.ShouldGenerateAssemblyInfoFile" executed="True" result="Success" success="True" time="0.017" asserts="1" />
                </results>
              </test-suite>
              <test-suite type="Namespace" name="Build" executed="True" result="Success" success="True" time="3.387" asserts="0">
                <results>
                  <test-suite type="TestFixture" name="BuildUsingCscTests" executed="True" result="Success" success="True" time="2.245" asserts="0">
                    <results>
                      <test-case name="FluentBuild.Tests.Build.BuildUsingCscTests.ShouldCompileBasicAssembly" executed="True" result="Success" success="True" time="0.465" asserts="1" />
                      <test-case name="FluentBuild.Tests.Build.BuildUsingCscTests.ShouldCompileBasicAssemblyWithDebugSymbols" executed="True" result="Success" success="True" time="0.246" asserts="2" />
                      <test-case name="FluentBuild.Tests.Build.BuildUsingCscTests.ShouldCompileConsoleApplication" executed="True" result="Success" success="True" time="0.292" asserts="1" />
                      <test-case name="FluentBuild.Tests.Build.BuildUsingCscTests.ShouldCompileModule" executed="True" result="Success" success="True" time="0.220" asserts="1" />
                      <test-case name="FluentBuild.Tests.Build.BuildUsingCscTests.ShouldCompileWindowsExe" executed="True" result="Success" success="True" time="0.236" asserts="1" />
                      <test-case name="FluentBuild.Tests.Build.BuildUsingCscTests.ShouldCompileWithNamedResource" executed="True" result="Success" success="True" time="0.273" asserts="2" />
                      <test-case name="FluentBuild.Tests.Build.BuildUsingCscTests.ShouldCompileWithReference" executed="True" result="Success" success="True" time="0.242" asserts="1" />
                      <test-case name="FluentBuild.Tests.Build.BuildUsingCscTests.ShouldCompileWithResource" executed="True" result="Success" success="True" time="0.256" asserts="2" />
                    </results>
                  </test-suite>
                  <test-suite type="TestFixture" name="FrameworkVersionTests" executed="True" result="Success" success="True" time="1.094" asserts="0">
                    <results>
                      <test-case name="FluentBuild.Tests.Build.FrameworkVersionTests.TestFramework2_0" executed="True" result="Success" success="True" time="0.166" asserts="1" />
                      <test-case name="FluentBuild.Tests.Build.FrameworkVersionTests.TestFramework3_0" executed="True" result="Success" success="True" time="0.177" asserts="1" />
                      <test-case name="FluentBuild.Tests.Build.FrameworkVersionTests.TestFramework3_5" executed="True" result="Success" success="True" time="0.270" asserts="1" />
                      <test-case name="FluentBuild.Tests.Build.FrameworkVersionTests.TestFramework40_Client" executed="True" result="Success" success="True" time="0.239" asserts="1" />
                      <test-case name="FluentBuild.Tests.Build.FrameworkVersionTests.TestFramework40_Full" executed="True" result="Success" success="True" time="0.235" asserts="1" />
                    </results>
                  </test-suite>
                  <test-suite type="TestFixture" name="SampleBuildFileTests" executed="True" result="Success" success="True" time="0.026" asserts="0">
                    <results>
                      <test-case name="FluentBuild.Tests.Build.SampleBuildFileTests.Start" executed="True" result="Success" success="True" time="0.025" asserts="4" />
                    </results>
                  </test-suite>
                  <test-suite type="Namespace" name="Samples" executed="True" result="Success" success="True" time="0.008" asserts="0">
                    <results>
                      <test-suite type="Namespace" name="WithReference" executed="True" result="Success" success="True" time="0.004" asserts="0">
                        <results>
                          <test-suite type="TestFixture" name="SimpleTest" executed="True" result="Success" success="True" time="0.003" asserts="0">
                            <results>
                              <test-case name="FluentBuild.Tests.Build.Samples.WithReference.SimpleTest.TestSomething" executed="True" result="Success" success="True" time="0.001" asserts="0" />
                            </results>
                          </test-suite>
                        </results>
                      </test-suite>
                    </results>
                  </test-suite>
                </results>
              </test-suite>
              <test-suite type="TestFixture" name="BuildArtifactCopyTests" executed="True" result="Success" success="True" time="0.030" asserts="0">
                <results>
                  <test-case name="FluentBuild.Tests.BuildArtifactCopyTests.ReplaceToken_Should_Copy_To_New_Directory_And_Change_File_Name" executed="True" result="Success" success="True" time="0.014" asserts="1" />
                  <test-case name="FluentBuild.Tests.BuildArtifactCopyTests.ReplaceToken_Should_Copy_To_New_Directory_And_Perserve_File_Name" executed="True" result="Success" success="True" time="0.005" asserts="1" />
                  <test-case name="FluentBuild.Tests.BuildArtifactCopyTests.ReplaceToken_Should_Copy_To_New_File" executed="True" result="Success" success="True" time="0.006" asserts="1" />
                </results>
              </test-suite>
              <test-suite type="TestFixture" name="BuildArtifactTests" executed="True" result="Success" success="True" time="0.167" asserts="0">
                <results>
                  <test-case name="FluentBuild.Tests.BuildArtifactTests.ShouldCopyFile" executed="True" result="Success" success="True" time="0.005" asserts="2" />
                  <test-case name="FluentBuild.Tests.BuildArtifactTests.ShouldDeleteFile" executed="True" result="Success" success="True" time="0.006" asserts="1" />
                  <test-case name="FluentBuild.Tests.BuildArtifactTests.ShouldFailToCopyFileIfFileDoesNotExist" executed="True" result="Success" success="True" time="0.113" asserts="0" />
                  <test-case name="FluentBuild.Tests.BuildArtifactTests.ShouldFailToDeleteFileIfFileInUse" executed="True" result="Success" success="True" time="0.005" asserts="0" />
                  <test-case name="FluentBuild.Tests.BuildArtifactTests.ShouldFailToRenameIfFileDoesNotExist" executed="True" result="Success" success="True" time="0.009" asserts="0" />
                  <test-case name="FluentBuild.Tests.BuildArtifactTests.ShouldNotThrowErrorIfFileDoesNotExist" executed="True" result="Success" success="True" time="0.004" asserts="0" />
                  <test-case name="FluentBuild.Tests.BuildArtifactTests.ShouldNotThrowErrorIfFileInUse" executed="True" result="Success" success="True" time="0.003" asserts="0" />
                  <test-case name="FluentBuild.Tests.BuildArtifactTests.ShouldRenameFile" executed="True" result="Success" success="True" time="0.004" asserts="1" />
                  <test-case name="FluentBuild.Tests.BuildArtifactTests.ShouldSucceedIfFileDoesNotExist" executed="True" result="Success" success="True" time="0.003" asserts="0" />
                </results>
              </test-suite>
              <test-suite type="TestFixture" name="BuildArtifactTokenReplacementTests" executed="True" result="Success" success="True" time="0.019" asserts="0">
                <results>
                  <test-case name="FluentBuild.Tests.BuildArtifactTokenReplacementTests.ReplaceToken" executed="True" result="Success" success="True" time="0.018" asserts="2" />
                </results>
              </test-suite>
              <test-suite type="Namespace" name="BuildExeTexts" executed="True" result="Success" success="True" time="0.037" asserts="0">
                <results>
                  <test-suite type="TestFixture" name="CommandLineParserTests" executed="True" result="Success" success="True" time="0.034" asserts="0">
                    <results>
                      <test-case name="FluentBuild.Tests.BuildExeTexts.CommandLineParserTests.ShouldParseBuildClass" executed="True" result="Success" success="True" time="0.014" asserts="1" />
                      <test-case name="FluentBuild.Tests.BuildExeTexts.CommandLineParserTests.ShouldParseDllProperly" executed="True" result="Success" success="True" time="0.004" asserts="1" />
                      <test-case name="FluentBuild.Tests.BuildExeTexts.CommandLineParserTests.ShouldParseMethodsToRunProperly" executed="True" result="Success" success="True" time="0.002" asserts="2" />
                      <test-case name="FluentBuild.Tests.BuildExeTexts.CommandLineParserTests.ShouldParseMultipleProperties" executed="True" result="Success" success="True" time="0.004" asserts="2" />
                      <test-case name="FluentBuild.Tests.BuildExeTexts.CommandLineParserTests.ShouldParseProperty" executed="True" result="Success" success="True" time="0.001" asserts="1" />
                      <test-case name="FluentBuild.Tests.BuildExeTexts.CommandLineParserTests.ShouldParseSourceProperly" executed="True" result="Success" success="True" time="0.001" asserts="1" />
                    </results>
                  </test-suite>
                </results>
              </test-suite>
              <test-suite type="TestFixture" name="BuildFolderTests" executed="True" result="Success" success="True" time="0.032" asserts="0">
                <results>
                  <test-case name="FluentBuild.Tests.BuildFolderTests.Create_ShouldContinueIfContinueOnErrorIsSet" executed="True" result="Success" success="True" time="0.007" asserts="0" />
                  <test-case name="FluentBuild.Tests.BuildFolderTests.Create_ShouldCreateSubFolder" executed="True" result="Success" success="True" time="0.003" asserts="1" />
                  <test-case name="FluentBuild.Tests.BuildFolderTests.Create_ShouldFailIfImproperCharactersInPath" executed="True" result="Success" success="True" time="0.003" asserts="0" />
                  <test-case name="FluentBuild.Tests.BuildFolderTests.Delete_ShouldContinueIfContinueOnErrorIsSet" executed="True" result="Success" success="True" time="0.005" asserts="1" />
                  <test-case name="FluentBuild.Tests.BuildFolderTests.Delete_ShouldDeleteSubFolder" executed="True" result="Success" success="True" time="0.004" asserts="2" />
                  <test-case name="FluentBuild.Tests.BuildFolderTests.Delete_ShouldFailIfImproperCharactersInPath" executed="True" result="Success" success="True" time="0.003" asserts="1" />
                </results>
              </test-suite>
              <test-suite type="TestFixture" name="DatabaseTests" executed="True" result="Inconclusive" success="False" time="0.001" asserts="0" />
              <test-suite type="TestFixture" name="FilesetTests" executed="True" result="Success" success="True" time="0.020" asserts="0">
                <results>
                  <test-case name="FluentBuild.Tests.FilesetTests.ShouldContinueIfErrorOccurs" executed="True" result="Success" success="True" time="0.007" asserts="1" />
                  <test-case name="FluentBuild.Tests.FilesetTests.ShouldCopyFile" executed="True" result="Success" success="True" time="0.005" asserts="1" />
                  <test-case name="FluentBuild.Tests.FilesetTests.ShouldFailIfDestinationDoesNotExist" executed="True" result="Success" success="True" time="0.005" asserts="0" />
                </results>
              </test-suite>
              <test-suite type="TestFixture" name="FileSystemFinderTests" executed="True" result="Success" success="True" time="0.425" asserts="0">
                <results>
                  <test-case name="FluentBuild.Tests.FileSystemFinderTests.FindFile" executed="True" result="Success" success="True" time="0.425" asserts="1" />
                </results>
              </test-suite>
              <test-suite type="TestFixture" name="NunitTests" executed="True" result="Success" success="True" time="10.564" asserts="0">
                <results>
                  <test-case name="FluentBuild.Tests.NunitTests.ShouldFailIfErrorOccurs" executed="True" result="Success" success="True" time="2.849" asserts="1" />
                  <test-case name="FluentBuild.Tests.NunitTests.ShouldRunProperly" executed="True" result="Success" success="True" time="4.772" asserts="1" />
                  <test-case name="FluentBuild.Tests.NunitTests.ShouldSucceedIfFailOnErrorIsContinue" executed="True" result="Success" success="True" time="2.937" asserts="0" />
                </results>
              </test-suite>
              <test-suite type="Namespace" name="Run" executed="True" result="Success" success="True" time="0.727" asserts="0">
                <results>
                  <test-suite type="TestFixture" name="ProcessOutputTests" executed="True" result="Success" success="True" time="0.259" asserts="0">
                    <results>
                      <test-case name="FluentBuild.Tests.Run.ProcessOutputTests.ExeShouldOutputToStandardError" executed="True" result="Success" success="True" time="0.008" asserts="0" />
                      <test-case name="FluentBuild.Tests.Run.ProcessOutputTests.ExeShouldOutputToStandardOutput" executed="True" result="Success" success="True" time="0.003" asserts="0" />
                    </results>
                  </test-suite>
                  <test-suite type="TestFixture" name="RunExecutableTests" executed="True" result="Success" success="True" time="0.463" asserts="0">
                    <results>
                      <test-case name="FluentBuild.Tests.Run.RunExecutableTests.ShouldContinueOnErrorCodeOne" executed="True" result="Success" success="True" time="0.064" asserts="0" />
                      <test-case name="FluentBuild.Tests.Run.RunExecutableTests.ShouldContinueOnNonZeroErrorCode" executed="True" result="Success" success="True" time="0.110" asserts="1" />
                      <test-case name="FluentBuild.Tests.Run.RunExecutableTests.ShouldFailIfFileDoesNotExist" executed="True" result="Success" success="True" time="0.012" asserts="0" />
                      <test-case name="FluentBuild.Tests.Run.RunExecutableTests.ShouldFailOnNonZeroErrorCode" executed="True" result="Success" success="True" time="0.097" asserts="0" />
                      <test-case name="FluentBuild.Tests.Run.RunExecutableTests.ShouldNotThrowErrorIfFileDoesNotExistAndContinueOnErrorIsSet" executed="True" result="Success" success="True" time="0.039" asserts="0" />
                      <test-case name="FluentBuild.Tests.Run.RunExecutableTests.ShouldSucceedOnNonZeroErrorCodeWhenSet" executed="True" result="Success" success="True" time="0.058" asserts="1" />
                    </results>
                  </test-suite>
                </results>
              </test-suite>
              <test-suite type="TestFixture" name="ZipTests" executed="True" result="Success" success="True" time="0.315" asserts="0">
                <results>
                  <test-case name="FluentBuild.Tests.ZipTests.ShouldZipAndUnzipFile" executed="True" result="Success" success="True" time="0.239" asserts="2" />
                  <test-case name="FluentBuild.Tests.ZipTests.ShouldZipAndUnzipFolder" executed="True" result="Success" success="True" time="0.063" asserts="5" />
                </results>
              </test-suite>
            </results>
          </test-suite>
        </results>
      </test-suite>
    </results>
  </test-suite>
</test-results>