<?xml version="1.0" encoding="utf-8" standalone="no"?>
<!--This file represents the results of running a test suite-->
<test-results name="C:\Users\Kudos\Desktop\fluent-build\tests\FluentBuild.Tests\bin\Debug\FluentBuild.Tests.dll" total="33" errors="0" failures="1" not-run="0" inconclusive="0" ignored="0" skipped="0" invalid="0" date="2010-09-22" time="21:32:17">
  <environment nunit-version="2.5.7.10213" clr-version="2.0.50727.4952" os-version="Microsoft Windows NT 6.1.7600.0" platform="Win32NT" cwd="C:\Users\Kudos\Desktop\fluent-build\tools\nunit" machine-name="KUDOS-LAPTOP" user="Kudos" user-domain="Kudos-Laptop" />
  <culture-info current-culture="en-US" current-uiculture="en-US" />
  <test-suite type="Assembly" name="C:\Users\Kudos\Desktop\fluent-build\tests\FluentBuild.Tests\bin\Debug\FluentBuild.Tests.dll" executed="True" result="Failure" success="False" time="9.371" asserts="0">
    <results>
      <test-suite type="Namespace" name="FluentBuild" executed="True" result="Failure" success="False" time="9.337" asserts="0">
        <results>
          <test-suite type="Namespace" name="Tests" executed="True" result="Failure" success="False" time="9.336" asserts="0">
            <results>
              <test-suite type="TestFixture" name="AssemblyInfoTests" executed="True" result="Success" success="True" time="0.541" asserts="0">
                <results>
                  <test-case name="FluentBuild.Tests.AssemblyInfoTests.ShouldGenerateAssemblyInfoFile" executed="True" result="Success" success="True" time="0.249" asserts="1" />
                </results>
              </test-suite>
              <test-suite type="TestFixture" name="BuildArtifactCopyTests" executed="True" result="Success" success="True" time="0.053" asserts="0">
                <results>
                  <test-case name="FluentBuild.Tests.BuildArtifactCopyTests.ReplaceToken_Should_Copy_To_New_Directory_And_Change_File_Name" executed="True" result="Success" success="True" time="0.028" asserts="1" />
                  <test-case name="FluentBuild.Tests.BuildArtifactCopyTests.ReplaceToken_Should_Copy_To_New_Directory_And_Perserve_File_Name" executed="True" result="Success" success="True" time="0.011" asserts="1" />
                  <test-case name="FluentBuild.Tests.BuildArtifactCopyTests.ReplaceToken_Should_Copy_To_New_File" executed="True" result="Success" success="True" time="0.010" asserts="1" />
                </results>
              </test-suite>
              <test-suite type="TestFixture" name="BuildArtifactTests" executed="True" result="Success" success="True" time="0.126" asserts="0">
                <results>
                  <test-case name="FluentBuild.Tests.BuildArtifactTests.ShouldCopyFile" executed="True" result="Success" success="True" time="0.010" asserts="2" />
                  <test-case name="FluentBuild.Tests.BuildArtifactTests.ShouldDeleteFile" executed="True" result="Success" success="True" time="0.011" asserts="1" />
                  <test-case name="FluentBuild.Tests.BuildArtifactTests.ShouldFailToCopyFileIfFileDoesNotExist" executed="True" result="Success" success="True" time="0.019" asserts="0" />
                  <test-case name="FluentBuild.Tests.BuildArtifactTests.ShouldFailToDeleteFileIfFileInUse" executed="True" result="Success" success="True" time="0.006" asserts="0" />
                  <test-case name="FluentBuild.Tests.BuildArtifactTests.ShouldFailToRenameIfFileDoesNotExist" executed="True" result="Success" success="True" time="0.012" asserts="0" />
                  <test-case name="FluentBuild.Tests.BuildArtifactTests.ShouldNotThrowErrorIfFileDoesNotExist" executed="True" result="Success" success="True" time="0.015" asserts="0" />
                  <test-case name="FluentBuild.Tests.BuildArtifactTests.ShouldNotThrowErrorIfFileInUse" executed="True" result="Success" success="True" time="0.009" asserts="0" />
                  <test-case name="FluentBuild.Tests.BuildArtifactTests.ShouldRenameFile" executed="True" result="Success" success="True" time="0.013" asserts="1" />
                  <test-case name="FluentBuild.Tests.BuildArtifactTests.ShouldSucceedIfFileDoesNotExist" executed="True" result="Success" success="True" time="0.011" asserts="0" />
                </results>
              </test-suite>
              <test-suite type="TestFixture" name="BuildArtifactTokenReplacementTests" executed="True" result="Success" success="True" time="0.038" asserts="0">
                <results>
                  <test-case name="FluentBuild.Tests.BuildArtifactTokenReplacementTests.ReplaceToken" executed="True" result="Success" success="True" time="0.024" asserts="2" />
                </results>
              </test-suite>
              <test-suite type="TestFixture" name="BuildFolderTests" executed="True" result="Success" success="True" time="0.074" asserts="0">
                <results>
                  <test-case name="FluentBuild.Tests.BuildFolderTests.Create_ShouldContinueIfContinueOnErrorIsSet" executed="True" result="Success" success="True" time="0.014" asserts="0" />
                  <test-case name="FluentBuild.Tests.BuildFolderTests.Create_ShouldCreateSubFolder" executed="True" result="Success" success="True" time="0.007" asserts="1" />
                  <test-case name="FluentBuild.Tests.BuildFolderTests.Create_ShouldFailIfImproperCharactersInPath" executed="True" result="Success" success="True" time="0.006" asserts="0" />
                  <test-case name="FluentBuild.Tests.BuildFolderTests.Delete_ShouldContinueIfContinueOnErrorIsSet" executed="True" result="Success" success="True" time="0.014" asserts="1" />
                  <test-case name="FluentBuild.Tests.BuildFolderTests.Delete_ShouldDeleteSubFolder" executed="True" result="Success" success="True" time="0.009" asserts="2" />
                  <test-case name="FluentBuild.Tests.BuildFolderTests.Delete_ShouldFailIfImproperCharactersInPath" executed="True" result="Success" success="True" time="0.005" asserts="1" />
                </results>
              </test-suite>
              <test-suite type="TestFixture" name="BuildTests" executed="True" result="Failure" success="False" time="0.010" asserts="0">
                <results>
                  <test-case name="FluentBuild.Tests.BuildTests.TestSomething" executed="True" result="Failure" success="False" time="0.007" asserts="0">
                    <failure>
                      <message><![CDATA[]]></message>
                      <stack-trace><![CDATA[at FluentBuild.Tests.BuildTests.TestSomething() in C:\Users\Kudos\Desktop\fluent-build\tests\FluentBuild.Tests\BuildTests.cs:line 14
]]></stack-trace>
                    </failure>
                  </test-case>
                </results>
              </test-suite>
              <test-suite type="TestFixture" name="DatabaseTests" executed="True" result="Inconclusive" success="False" time="0.001" asserts="0" />
              <test-suite type="TestFixture" name="FilesetTests" executed="True" result="Success" success="True" time="0.368" asserts="0">
                <results>
                  <test-case name="FluentBuild.Tests.FilesetTests.ShouldContinueIfErrorOccurs" executed="True" result="Success" success="True" time="0.338" asserts="1" />
                  <test-case name="FluentBuild.Tests.FilesetTests.ShouldCopyFile" executed="True" result="Success" success="True" time="0.016" asserts="1" />
                  <test-case name="FluentBuild.Tests.FilesetTests.ShouldFailIfDestinationDoesNotExist" executed="True" result="Success" success="True" time="0.010" asserts="0" />
                </results>
              </test-suite>
              <test-suite type="TestFixture" name="FileSystemFinderTests" executed="True" result="Success" success="True" time="0.546" asserts="0">
                <results>
                  <test-case name="FluentBuild.Tests.FileSystemFinderTests.FindFile" executed="True" result="Success" success="True" time="0.545" asserts="1" />
                </results>
              </test-suite>
              <test-suite type="TestFixture" name="NunitTests" executed="True" result="Success" success="True" time="7.154" asserts="0">
                <results>
                  <test-case name="FluentBuild.Tests.NunitTests.ShouldFailIfErrorOccurs" executed="True" result="Success" success="True" time="0.628" asserts="0" />
                  <test-case name="FluentBuild.Tests.NunitTests.ShouldRunProperly" executed="True" result="Success" success="True" time="5.844" asserts="1" />
                  <test-case name="FluentBuild.Tests.NunitTests.ShouldSucceedIfFailOnErrorIsContinue" executed="True" result="Success" success="True" time="0.682" asserts="0" />
                </results>
              </test-suite>
              <test-suite type="TestFixture" name="RunExecuteableTests" executed="True" result="Success" success="True" time="0.078" asserts="0">
                <results>
                  <test-case name="FluentBuild.Tests.RunExecuteableTests.ShouldFailIfFileDoesNotExist" executed="True" result="Success" success="True" time="0.013" asserts="0" />
                  <test-case name="FluentBuild.Tests.RunExecuteableTests.ShouldNotThrowErrorIfFileDoesNotExistAndContinueOnErrorIsSet" executed="True" result="Success" success="True" time="0.005" asserts="0" />
                  <test-case name="FluentBuild.Tests.RunExecuteableTests.ShouldRunCmdPrompt" executed="True" result="Success" success="True" time="0.055" asserts="0" />
                </results>
              </test-suite>
              <test-suite type="TestFixture" name="ZipTests" executed="True" result="Success" success="True" time="0.283" asserts="0">
                <results>
                  <test-case name="FluentBuild.Tests.ZipTests.ShouldZipAndUnzipFile" executed="True" result="Success" success="True" time="0.250" asserts="2" />
                  <test-case name="FluentBuild.Tests.ZipTests.ShouldZipAndUnzipFolder" executed="True" result="Success" success="True" time="0.032" asserts="5" />
                </results>
              </test-suite>
            </results>
          </test-suite>
        </results>
      </test-suite>
    </results>
  </test-suite>
</test-results>