<?xml version="1.0" encoding="utf-8" standalone="no"?>
<!--This file represents the results of running a test suite-->
<test-results name="C:\Projects\FluentBuild\Build\..\compile\functional\FluentBuild_Functional_Tests.dll" total="4" failures="0" not-run="0" date="2009-04-12" time="07:42:51">
  <environment nunit-version="2.4.3.0" clr-version="2.0.50727.3053" os-version="Microsoft Windows NT 6.0.6001 Service Pack 1" platform="Win32NT" cwd="C:\Projects\FluentBuild\Build" machine-name="WIN-2498QSZT94L" user="Administrator" user-domain="SOLIDHOUSE" />
  <culture-info current-culture="en-US" current-uiculture="en-US" />
  <test-suite name="C:\Projects\FluentBuild\Build\..\compile\functional\FluentBuild_Functional_Tests.dll" success="True" time="0.547" asserts="0">
    <results>
      <test-suite name="FluentBuild" success="True" time="0.531" asserts="0">
        <results>
          <test-suite name="Tests" success="True" time="0.531" asserts="0">
            <results>
              <test-suite name="BuildArtifactCopyTests" success="True" time="0.203" asserts="0">
                <results>
                  <test-case name="FluentBuild.Tests.BuildArtifactCopyTests.ReplaceToken_Should_Copy_To_New_Directory_And_Change_File_Name" executed="True" success="True" time="0.125" asserts="1" />
                  <test-case name="FluentBuild.Tests.BuildArtifactCopyTests.ReplaceToken_Should_Copy_To_New_Directory_And_Perserve_File_Name" executed="True" success="True" time="0.016" asserts="1" />
                  <test-case name="FluentBuild.Tests.BuildArtifactCopyTests.ReplaceToken_Should_Copy_To_New_File" executed="True" success="True" time="0.016" asserts="1" />
                </results>
              </test-suite>
              <test-suite name="BuildArtifactTokenReplacementTests" success="True" time="0.063" asserts="0">
                <results>
                  <test-case name="FluentBuild.Tests.BuildArtifactTokenReplacementTests.ReplaceToken" executed="True" success="True" time="0.016" asserts="2" />
                </results>
              </test-suite>
            </results>
          </test-suite>
        </results>
      </test-suite>
    </results>
  </test-suite>
</test-results>