<?xml version="1.0" encoding="utf-8" standalone="no"?>
<!--This file represents the results of running a test suite-->
<test-results name="C:\Projects\FluentBuild\Build\..\compile\FluentBuild.dll" total="27" failures="0" not-run="0" date="2009-04-09" time="15:51:50">
  <environment nunit-version="2.4.3.0" clr-version="2.0.50727.3053" os-version="Microsoft Windows NT 6.0.6001 Service Pack 1" platform="Win32NT" cwd="C:\Projects\FluentBuild\Build" machine-name="WIN-2498QSZT94L" user="Administrator" user-domain="SOLIDHOUSE" />
  <culture-info current-culture="en-US" current-uiculture="en-US" />
  <test-suite name="C:\Projects\FluentBuild\Build\..\compile\FluentBuild.dll" success="True" time="4.531" asserts="0">
    <results>
      <test-suite name="FluentBuild" success="True" time="4.438" asserts="0">
        <results>
          <test-suite name="AssemblyInfoTests" success="True" time="0.375" asserts="0">
            <results>
              <test-case name="FluentBuild.AssemblyInfoTests.Build_ShouldCreateAssemblyInfoFile" executed="True" success="True" time="0.250" asserts="0" />
            </results>
          </test-suite>
          <test-suite name="BuildArtifactTests" success="True" time="0.047" asserts="0">
            <results>
              <test-case name="FluentBuild.BuildArtifactTests.ToString_Should_Output_Path" executed="True" success="True" time="0.047" asserts="1" />
            </results>
          </test-suite>
          <test-suite name="BuildFolderTests" success="True" time="0.016" asserts="0">
            <results>
              <test-case name="FluentBuild.BuildFolderTests.Create_Should_Build_File" executed="True" success="True" time="0.000" asserts="1" />
              <test-case name="FluentBuild.BuildFolderTests.Create_Should_Build_Recursive_And_SubFolder" executed="True" success="True" time="0.000" asserts="1" />
              <test-case name="FluentBuild.BuildFolderTests.Create_Should_Build_SubFolder" executed="True" success="True" time="0.000" asserts="1" />
              <test-case name="FluentBuild.BuildFolderTests.Create_Should_Have_Path" executed="True" success="True" time="0.016" asserts="1" />
            </results>
          </test-suite>
          <test-suite name="Compilation" success="True" time="0.094" asserts="0">
            <results>
              <test-suite name="BuildTaskTests" success="True" time="0.078" asserts="0">
                <results>
                  <test-case name="FluentBuild.Compilation.BuildTaskTests.Args_ShouldCreateProperArgs" executed="True" success="True" time="0.031" asserts="1" />
                  <test-case name="FluentBuild.Compilation.BuildTaskTests.Args_ShouldCreateProperArgs_With_Sources" executed="True" success="True" time="0.016" asserts="1" />
                  <test-case name="FluentBuild.Compilation.BuildTaskTests.Args_ShouldCreateProperArgs_With_Sources_And_Debug_Symbols" executed="True" success="True" time="0.016" asserts="1" />
                  <test-case name="FluentBuild.Compilation.BuildTaskTests.UsingCsc_Compiler_Should_Be_CSC" executed="True" success="True" time="0.000" asserts="1" />
                  <test-case name="FluentBuild.Compilation.BuildTaskTests.UsingCsc_Compiler_Should_Be_VBC" executed="True" success="True" time="0.000" asserts="1" />
                </results>
              </test-suite>
              <test-suite name="BuildTests" success="True" time="0.016" asserts="0">
                <results>
                  <test-case name="FluentBuild.Compilation.BuildTests.ShouldCreateTaskWithCSCCompiler" executed="True" success="True" time="0.000" asserts="1" />
                  <test-case name="FluentBuild.Compilation.BuildTests.ShouldCreateTaskWithVbCompiler" executed="True" success="True" time="0.016" asserts="1" />
                </results>
              </test-suite>
            </results>
          </test-suite>
          <test-suite name="FileSetTests" success="True" time="1.500" asserts="0">
            <results>
              <test-case name="FluentBuild.FileSetTests.AddAllCsFiles" executed="True" success="True" time="1.344" asserts="2" />
              <test-case name="FluentBuild.FileSetTests.AddAllCsFilesAndExcludeGenericFileName" executed="True" success="True" time="0.078" asserts="0" />
              <test-case name="FluentBuild.FileSetTests.AddAllCsFilesAndExcludeSpecificFileName" executed="True" success="True" time="0.016" asserts="1" />
              <test-case name="FluentBuild.FileSetTests.BuildFileSet" executed="True" success="True" time="0.047" asserts="2" />
            </results>
          </test-suite>
          <test-suite name="FileSystemUtilityTests" success="True" time="0.297" asserts="0">
            <results>
              <test-case name="FluentBuild.FileSystemUtilityTests.Should_Call_Parser_For_Path_Containing_Wildcard" executed="True" success="True" time="0.281" asserts="0" />
              <test-case name="FluentBuild.FileSystemUtilityTests.Should_Not_Call_Parser_For_Path_Containing_No_Wildcards" executed="True" success="True" time="0.016" asserts="0" />
            </results>
          </test-suite>
          <test-suite name="RunTests" success="True" time="0.031" asserts="0">
            <results>
              <test-case name="FluentBuild.RunTests.Run_Should_Populate_Exe" executed="True" success="True" time="0.000" asserts="1" />
              <test-case name="FluentBuild.RunTests.Run_Should_Populate_Exe_When_Using_Build_Artifact" executed="True" success="True" time="0.000" asserts="1" />
            </results>
          </test-suite>
          <test-suite name="SearchPatternParserTests" success="True" time="1.625" asserts="0">
            <results>
              <test-case name="FluentBuild.SearchPatternParserTests.GetAllFilesMatching_JustDirectory" executed="True" success="True" time="0.031" asserts="3" />
              <test-case name="FluentBuild.SearchPatternParserTests.GetAllFilesMatching_Name_And_WildCard" executed="True" success="True" time="1.547" asserts="3" />
              <test-case name="FluentBuild.SearchPatternParserTests.GetAllFilesMatching_Recursive_Name_And_WildCard" executed="True" success="True" time="0.000" asserts="3" />
              <test-case name="FluentBuild.SearchPatternParserTests.GetAllFilesMatching_Recursive_Start_Dot_CS_Filter" executed="True" success="True" time="0.000" asserts="3" />
              <test-case name="FluentBuild.SearchPatternParserTests.GetAllFilesMatching_Start_Dot_CS_Filter" executed="True" success="True" time="0.031" asserts="3" />
              <test-case name="FluentBuild.SearchPatternParserTests.GetAllFilesMatching_Start_Dot_Start_Filter" executed="True" success="True" time="0.000" asserts="3" />
            </results>
          </test-suite>
        </results>
      </test-suite>
    </results>
  </test-suite>
</test-results>